<?xml version="1.0" encoding="UTF-8"?>
<testng-results skipped="0" failed="0" ignored="0" total="1" passed="1">
  <reporter-output>
  </reporter-output>
  <suite name="Default suite" duration-ms="143" started-at="2020-12-17T08:17:57Z" finished-at="2020-12-17T08:17:57Z">
    <groups>
    </groups>
    <test name="Default test" duration-ms="143" started-at="2020-12-17T08:17:57Z" finished-at="2020-12-17T08:17:57Z">
      <class name="setDemo.SetPractice">
        <test-method status="PASS" signature="setExample()[pri:0, instance:setDemo.SetPractice@51efea79]" name="setExample" duration-ms="106" started-at="2020-12-17T08:17:57Z" finished-at="2020-12-17T08:17:57Z">
          <reporter-output>
          </reporter-output>
        </test-method> <!-- setExample -->
      </class> <!-- setDemo.SetPractice -->
    </test> <!-- Default test -->
  </suite> <!-- Default suite -->
</testng-results>
