<?xml version="1.0" encoding="UTF-8"?>
<testng-results skipped="0" failed="0" ignored="0" total="1" passed="1">
  <reporter-output>
  </reporter-output>
  <suite name="Default suite" duration-ms="18089" started-at="2020-12-21T08:29:10Z" finished-at="2020-12-21T08:29:28Z">
    <groups>
    </groups>
    <test name="Default test" duration-ms="18089" started-at="2020-12-21T08:29:10Z" finished-at="2020-12-21T08:29:28Z">
      <class name="interviewQuestion.ValidateAscendingOrder">
        <test-method status="PASS" signature="validateTheList()[pri:0, instance:interviewQuestion.ValidateAscendingOrder@482f8f11]" name="validateTheList" duration-ms="18035" started-at="2020-12-21T08:29:10Z" finished-at="2020-12-21T08:29:28Z">
          <reporter-output>
          </reporter-output>
        </test-method> <!-- validateTheList -->
      </class> <!-- interviewQuestion.ValidateAscendingOrder -->
    </test> <!-- Default test -->
  </suite> <!-- Default suite -->
</testng-results>
